<?xml version="1.0" encoding="UTF-8"?>
<testsuite name="ohtu.lyyrakortti.KassapaateTest" tests="4" skipped="0" failures="0" errors="0" timestamp="2017-04-22T11:06:38" hostname="Arttu-PC" time="0.31">
  <properties/>
  <testcase name="lataaSaldoaKortille" classname="ohtu.lyyrakortti.KassapaateTest" time="0.307"/>
  <testcase name="kortiltaVelotetaanHintaJosRahaaOn" classname="ohtu.lyyrakortti.KassapaateTest" time="0.001"/>
  <testcase name="eiVoiLadataNegatiivista" classname="ohtu.lyyrakortti.KassapaateTest" time="0.0"/>
  <testcase name="kortiltaEiVelotetaJosRahaEiRiita" classname="ohtu.lyyrakortti.KassapaateTest" time="0.001"/>
  <system-out><![CDATA[]]></system-out>
  <system-err><![CDATA[]]></system-err>
</testsuite>
